<?xml version="1.0" encoding="UTF-8"?>
<testsuite name="ComputerRepairRequestTest" tests="2" skipped="0" failures="0" errors="0" timestamp="2025-03-04T09:25:32" hostname="DESKTOP-O45SRQ9" time="0.109">
  <properties/>
  <testcase name="First test" classname="ComputerRepairRequestTest" time="0.095"/>
  <testcase name="Second test" classname="ComputerRepairRequestTest" time="0.006"/>
  <system-out><![CDATA[]]></system-out>
  <system-err><![CDATA[]]></system-err>
</testsuite>
